\BOOKMARK [0][-]{Doc-Start}{\376\377\000L\036\334\000I\000\040\000G\000I\036\242\000I\000\040\000C\000H\000I\000\040\000T\000I\036\276\000T}{}% 1
\BOOKMARK [1][-]{section.0.1}{\376\377\000Q\000u\000y\000\040\000t\036\257\000c\000\040\001\021\036\277\000m}{Doc-Start}% 2
\BOOKMARK [2][-]{subsection.0.1.1}{\376\377\000T\000\363\000m\000\040\000t\036\257\000t\000\040\000l\000\355\000\040\000t\000h\000u\000y\036\277\000t}{section.0.1}% 3
\BOOKMARK [2][-]{subsection.0.1.2}{\376\377\000C\000\341\000c\000\040\000d\036\241\000n\000g\000\040\000t\000o\000\341\000n}{section.0.1}% 4
\BOOKMARK [2][-]{subsection.0.1.2}{\376\377\0001\0002\0005\000\040\000D\036\241\000n\000g\000\040\0001\000.\000\040\000B\000\340\000i\000\040\000t\000o\000\341\000n\000\040\000s\036\355\000\040\000d\036\345\000n\000g\000\040\000q\000u\000y\000\040\000t\036\257\000c\000\040\000c\036\331\000n\000g}{section.0.1}% 5
\BOOKMARK [2][-]{ex.15}{\376\377\0001\0002\0005\000\040\000D\036\241\000n\000g\000\040\0002\000.\000\040\000B\000\340\000i\000\040\000t\000o\000\341\000n\000\040\000s\036\355\000\040\000d\036\345\000n\000g\000\040\000q\000u\000y\000\040\000t\036\257\000c\000\040\000n\000h\000\342\000n}{section.0.1}% 6
\BOOKMARK [2][-]{ex.23}{\376\377\0001\0002\0005\000\040\000D\036\241\000n\000g\000\040\0003\000.\000\040\000K\036\277\000t\000\040\000h\036\343\000p\000\040\000q\000u\000y\000\040\000t\036\257\000c\000\040\000c\036\331\000n\000g\000\040\000v\000\340\000\040\000q\000u\000y\000\040\000t\036\257\000c\000\040\000n\000h\000\342\000n}{section.0.1}% 7
\BOOKMARK [1][-]{section.0.2}{\376\377\000H\000o\000\341\000n\000\040\000v\036\313\000\040\000-\000\040\000c\000h\036\311\000n\000h\000\040\000h\036\343\000p\000\040\000-\000\040\000t\036\325\000\040\000h\036\343\000p}{Doc-Start}% 8
\BOOKMARK [2][-]{subsection.0.2.1}{\376\377\000T\000\363\000m\000\040\000t\036\257\000t\000\040\000l\000\375\000\040\000t\000h\000u\000y\036\277\000t}{section.0.2}% 9
\BOOKMARK [2][-]{subsection.0.2.2}{\376\377\000C\000\341\000c\000\040\000d\036\241\000n\000g\000\040\000t\000o\000\341\000n}{section.0.2}% 10
\BOOKMARK [2][-]{subsection.0.2.2}{\376\377\0001\0002\0005\000\040\000D\036\241\000n\000g\000\040\0001\000.\000\040\000C\000\341\000c\000\040\000b\000\340\000i\000\040\000t\000o\000\341\000n\000\040\000l\000i\000\352\000n\000\040\000q\000u\000a\000n\000\040\001\021\036\277\000n\000\040\000h\000o\000\341\000n\000\040\000v\036\313}{section.0.2}% 11
\BOOKMARK [2][-]{Item.135}{\376\377\0001\0002\0005\000\040\000D\036\241\000n\000g\000\040\0002\000.\000\040\000C\000\341\000c\000\040\000b\000\340\000i\000\040\000t\000o\000\341\000n\000\040\000l\000i\000\352\000n\000\040\000q\000u\000a\000n\000\040\001\021\036\277\000n\000\040\000h\000o\000\341\000n\000\040\000v\036\313\000,\000\040\000t\036\325\000\040\000h\036\343\000p\000\040\000v\000\340\000\040\000c\000h\036\311\000n\000h\000\040\000h\036\343\000p}{section.0.2}% 12
\BOOKMARK [2][-]{Item.185}{\376\377\0001\0002\0005\000\040\000D\036\241\000n\000g\000\040\0003\000.\000\040\000G\000i\036\243\000i\000\040\000p\000h\001\260\001\241\000n\000g\000\040\000t\000r\000\354\000n\000h\000,\000\040\000b\036\245\000t\000\040\000p\000h\001\260\001\241\000n\000g\000\040\000t\000r\000\354\000n\000h\000,\000\040\000h\036\307\000\040\000p\000h\001\260\001\241\000n\000g\000\040\000t\000r\000\354\000n\000h}{section.0.2}% 13
\BOOKMARK [1][-]{section.0.3}{\376\377\000N\000h\036\313\000\040\000t\000h\036\351\000c\000\040\000N\000e\000w\000t\000o\000n}{Doc-Start}% 14
\BOOKMARK [2][-]{subsection.0.3.1}{\376\377\000T\000\363\000m\000\040\000t\036\257\000t\000\040\000l\000\375\000\040\000t\000h\000u\000y\036\277\000t}{section.0.3}% 15
\BOOKMARK [2][-]{subsection.0.3.2}{\376\377\000C\000\341\000c\000\040\000d\036\241\000n\000g\000\040\000t\000o\000\341\000n}{section.0.3}% 16
\BOOKMARK [2][-]{subsection.0.3.2}{\376\377\0001\0002\0005\000\040\000D\036\241\000n\000g\000\040\0001\000.\000\040\000K\000h\000a\000i\000\040\000t\000r\000i\036\303\000n\000\040\000m\036\331\000t\000\040\000n\000h\036\313\000\040\000t\000h\036\351\000c\000\040\000N\000e\000w\000t\000o\000n}{section.0.3}% 17
\BOOKMARK [2][-]{Item.196}{\376\377\0001\0002\0005\000\040\000D\036\241\000n\000g\000\040\0002\000.\000\040\000T\000\354\000m\000\040\000h\036\307\000\040\000s\036\321\000\040\000s\036\321\000\040\000h\036\241\000n\000g\000\040\000t\000r\000o\000n\000g\000\040\000k\000h\000a\000i\000\040\000t\000r\000i\036\303\000n\000\040\000n\000h\036\313\000\040\000t\000h\036\351\000c\000\040\000N\000e\000w\000t\000o\000n}{section.0.3}% 18
\BOOKMARK [2][-]{bt.11}{\376\377\0001\0002\0005\000\040\000D\036\241\000n\000g\000\040\0003\000.\000\040\000C\000h\036\351\000n\000g\000\040\000m\000i\000n\000h\000,\000\040\000t\000\355\000n\000h\000\040\000g\000i\000\341\000\040\000t\000r\036\313\000\040\000c\036\347\000a\000\040\000b\000i\036\303\000u\000\040\000t\000h\036\351\000c\000\040\000t\036\325\000\040\000h\036\343\000p\000\040\000c\000\363\000\040\000s\036\355\000\040\000d\036\345\000n\000g\000\040\000k\000h\000a\000i\000\040\000t\000r\000i\036\303\000n\000\040\000n\000h\036\313\000\040\000t\000h\036\351\000c\000\040\000N\000e\000w\000t\000o\000n\000.}{section.0.3}% 19
\BOOKMARK [2][-]{subsection.0.3.3}{\376\377\000B\000\340\000i\000\040\000t\036\255\000p\000\040\000t\000r\036\257\000c\000\040\000n\000g\000h\000i\036\307\000m}{section.0.3}% 20
\BOOKMARK [2][-]{subsection.0.4.4}{\376\377\000T\000\363\000m\000\040\000t\036\257\000t\000\040\000l\000\375\000\040\000t\000h\000u\000y\036\277\000t}{section.0.3}% 21
\BOOKMARK [2][-]{subsection.0.4.5}{\376\377\000C\000\341\000c\000\040\000d\036\241\000n\000g\000\040\000t\000o\000\341\000n}{section.0.3}% 22
\BOOKMARK [2][-]{subsection.0.4.5}{\376\377\0001\0002\0005\000\040\000D\036\241\000n\000g\000\040\0001\000.\000\040\000X\000\341\000c\000\040\001\021\036\313\000n\000h\000\040\000p\000h\000\351\000p\000\040\000t\000h\036\355\000,\000\040\000m\000\364\000\040\000t\036\243\000\040\000k\000h\000\364\000n\000g\000\040\000g\000i\000a\000n\000\040\000m\036\253\000u}{section.0.3}% 23
\BOOKMARK [2][-]{Item.312}{\376\377\0001\0002\0005\000\040\000D\036\241\000n\000g\000\040\0002\000.\000\040\000C\000\341\000c\000\040\000b\000\340\000i\000\040\000t\000o\000\341\000n\000\040\000v\036\301\000\040\000n\000g\001\260\036\335\000i\000\040\000v\000\340\000\040\000v\036\255\000t\000\040\000\341\000p\000\040\000d\036\345\000n\000g\000\040\000t\000r\036\361\000c\000\040\000t\000i\036\277\000p\000\040\001\021\036\313\000n\000h\000\040\000n\000g\000h\001\051\000a\000\040\000c\036\325\000\040\000d\000i\036\303\000n}{section.0.3}% 24
\BOOKMARK [2][-]{bt.10}{\376\377\0001\0002\0005\000\040\000D\036\241\000n\000g\000\040\0003\000.\000\040\000P\000h\001\260\001\241\000n\000g\000\040\000p\000h\000\341\000p\000\040\000t\000\355\000n\000h\000\040\000x\000\341\000c\000\040\000s\000u\036\245\000t\000\040\000d\036\361\000a\000\040\000v\000\340\000o\000\040\000b\000i\036\277\000n\000\040\000c\036\321\000\040\001\021\036\321\000i}{section.0.3}% 25
\BOOKMARK [2][-]{bt.10}{\376\377\0001\0002\0005\000\040\000D\036\241\000n\000g\000\040\0004\000.\000\040\000C\000\341\000c\000\040\000b\000\340\000i\000\040\000t\000o\000\341\000n\000\040\000c\000\363\000\040\000s\036\355\000\040\000d\036\345\000n\000g\000\040\000p\000h\001\260\001\241\000n\000g\000\040\000p\000h\000\341\000p\000\040\000p\000h\000\342\000n\000\040\000l\036\333\000p}{section.0.3}% 26
\BOOKMARK [2][-]{ex.15}{\376\377\0001\0002\0005\000\040\000D\036\241\000n\000g\000\040\0005\000.\000\040\000C\000\341\000c\000\040\000b\000\340\000i\000\040\000t\000o\000\341\000n\000\040\000l\000i\000\352\000n\000\040\000q\000u\000a\000n\000\040\001\021\036\277\000n\000\040\000t\000\355\000n\000h\000\040\000c\000h\036\245\000t\000\040\000s\036\321\000\040\000h\036\315\000c}{section.0.3}% 27
\BOOKMARK [2][-]{ex.11}{\376\377\0001\0002\0005\000\040\000D\036\241\000n\000g\000\040\0006\000.\000\040\000C\000\341\000c\000\040\000b\000\340\000i\000\040\000t\000o\000\341\000n\000\040\000l\000i\000\352\000n\000\040\000q\000u\000a\000n\000\040\000h\000\354\000n\000h\000\040\000h\036\315\000c}{section.0.3}% 28
\BOOKMARK [2][-]{subsection.0.4.6}{\376\377\000B\000\340\000i\000\040\000t\036\255\000p\000\040\000t\000r\036\257\000c\000\040\000n\000g\000h\000i\036\307\000m\000\040\000c\000u\036\321\000i\000\040\000b\000\340\000i}{section.0.3}% 29
\BOOKMARK [2][-]{subsection.0.0.1}{\376\377\000T\000\363\000m\000\040\000t\036\257\000t\000\040\000l\000\355\000\040\000t\000h\000u\000y\036\277\000t}{section.0.3}% 30
\BOOKMARK [2][-]{subsection.0.0.2}{\376\377\000C\000\341\000c\000\040\000d\036\241\000n\000g\000\040\000t\000o\000\341\000n}{section.0.3}% 31
\BOOKMARK [2][-]{subsection.0.0.2}{\376\377\0001\0002\0005\000\040\000D\036\241\000n\000g\000\040\0007\000.\000\040\000B\000i\036\277\000n\000\040\000c\036\321\000\040\000h\036\343\000p}{section.0.3}% 32
\BOOKMARK [2][-]{Item.344}{\376\377\0001\0002\0005\000\040\000D\036\241\000n\000g\000\040\0008\000.\000\040\000B\000i\036\277\000n\000\040\000c\036\321\000\040\000g\000i\000a\000o}{section.0.3}% 33
\BOOKMARK [2][-]{Item.352}{\376\377\0001\0002\0005\000\040\000D\036\241\000n\000g\000\040\0009\000.\000\040\000B\000i\036\277\000n\000\040\000c\036\321\000\040\000x\000u\000n\000g\000\040\000k\000h\036\257\000c}{section.0.3}% 34
\BOOKMARK [2][-]{Item.359}{\376\377\0001\0002\0005\000\040\000D\036\241\000n\000g\000\040\0001\0000\000.\000\040\000B\000i\036\277\000n\000\040\000c\036\321\000\040\001\021\036\331\000c\000\040\000l\036\255\000p}{section.0.3}% 35
\BOOKMARK [2][-]{Item.363}{\376\377\0001\0002\0005\000\040\000D\036\241\000n\000g\000\040\0001\0001\000.\000\040\000C\000\364\000n\000g\000\040\000t\000h\036\351\000c\000\040\000c\036\331\000n\000g\000\040\000x\000\341\000c\000\040\000s\000u\036\245\000t\000\040\000c\000h\000o\000\040\000h\000a\000i\000\040\000b\000i\036\277\000n\000\040\000c\036\321\000\040\000x\000u\000n\000g\000\040\000k\000h\036\257\000c}{section.0.3}% 36
\BOOKMARK [2][-]{vd.2}{\376\377\0001\0002\0005\000\040\000D\036\241\000n\000g\000\040\0001\0002\000.\000\040\000C\000\364\000n\000g\000\040\000t\000h\036\351\000c\000\040\000c\036\331\000n\000g\000\040\000x\000\341\000c\000\040\000s\000u\036\245\000t\000\040\000c\000h\000o\000\040\0002\000\040\000b\000i\036\277\000n\000\040\000c\036\321\000\040\000b\036\245\000t\000\040\000k\000\354}{section.0.3}% 37
\BOOKMARK [2][-]{vd.2}{\376\377\0001\0002\0005\000\040\000D\036\241\000n\000g\000\040\0001\0003\000.\000\040\000C\000\364\000n\000g\000\040\000t\000h\036\351\000c\000\040\000n\000h\000\342\000n\000\040\000x\000\341\000c\000\040\000s\000u\036\245\000t\000\040\000c\000h\000o\000\040\000h\000a\000i\000\040\000b\000i\036\277\000n\000\040\000c\036\321\000\040\001\021\036\331\000c\000\040\000l\036\255\000p}{section.0.3}% 38
\BOOKMARK [2][-]{vd.3}{\376\377\0001\0002\0005\000\040\000D\036\241\000n\000g\000\040\0001\0004\000.\000\040\000V\036\255\000n\000\040\000d\036\345\000n\000g}{section.0.3}% 39
\BOOKMARK [2][-]{subsection.0.0.3}{\376\377\000B\000\340\000i\000\040\000t\036\255\000p\000\040\000r\000\350\000n\000\040\000l\000u\000y\036\307\000n}{section.0.3}% 40
\BOOKMARK [1][-]{section.0.2}{\376\377\000C\000\324\000N\000G\000\040\000T\000H\036\350\000C\000\040\000C\036\330\000N\000G\000\040\000X\000\301\000C\000\040\000S\000U\036\244\000T}{Doc-Start}% 41
\BOOKMARK [2][-]{subsection.0.2.1}{\376\377\000T\000r\036\315\000n\000g\000\040\000t\000\342\000m\000\040\000k\000i\036\277\000n\000\040\000t\000h\036\351\000c}{section.0.2}% 42
\BOOKMARK [2][-]{subsection.0.2.2}{\376\377\000C\000\341\000c\000\040\000d\036\241\000n\000g\000\040\000b\000\340\000i\000\040\000t\036\255\000p}{section.0.2}% 43
\BOOKMARK [2][-]{subsection.0.2.2}{\376\377\0001\0002\0005\000\040\000D\036\241\000n\000g\000\040\0001\0005\000.\000\040\000B\000i\036\277\000n\000\040\000c\036\321\000\040\000h\036\343\000p}{section.0.2}% 44
\BOOKMARK [2][-]{Item.471}{\376\377\0001\0002\0005\000\040\000D\036\241\000n\000g\000\040\0001\0006\000.\000\040\000C\000\364\000n\000g\000\040\000t\000h\036\351\000c\000\040\000c\036\331\000n\000g\000\040\000x\000\341\000c\000\040\000s\000u\036\245\000t\000\040\000c\000h\000o\000\040\000h\000a\000i\000\040\000b\000i\036\277\000n\000\040\000c\036\321\000\040\000x\000u\000n\000g\000\040\000k\000h\036\257\000c}{section.0.2}% 45
\BOOKMARK [2][-]{vd.2}{\376\377\0001\0002\0005\000\040\000D\036\241\000n\000g\000\040\0001\0007\000.\000\040\000C\000\364\000n\000g\000\040\000t\000h\036\351\000c\000\040\000c\036\331\000n\000g\000\040\000x\000\341\000c\000\040\000s\000u\036\245\000t\000\040\000c\000h\000o\000\040\0002\000\040\000b\000i\036\277\000n\000\040\000c\036\321\000\040\000b\036\245\000t\000\040\000k\000\354}{section.0.2}% 46
\BOOKMARK [2][-]{subsection.0.2.3}{\376\377\000B\000\340\000i\000\040\000t\036\255\000p\000\040\000r\000\350\000n\000\040\000l\000u\000y\036\307\000n}{section.0.2}% 47
\BOOKMARK [2][-]{subsection.0.2.4}{\376\377\000B\000\340\000i\000\040\000t\036\255\000p\000\040\000t\000r\036\257\000c\000\040\000n\000g\000h\000i\036\307\000m\000\040\000t\036\325\000n\000g\000\040\000h\036\343\000p}{section.0.2}% 48
\BOOKMARK [1][-]{section.0.1}{\376\377\000X\000\301\000C\000\040\000S\000U\036\244\000T\000\040\000C\000\323\000\040\001\020\000I\036\300\000U\000\040\000K\000I\036\306\000N}{Doc-Start}% 49
\BOOKMARK [2][-]{subsection.0.1.1}{\376\377\000T\000r\036\315\000n\000g\000\040\000t\000\342\000m\000\040\000k\000i\036\277\000n\000\040\000t\000h\036\351\000c}{section.0.1}% 50
\BOOKMARK [2][-]{subsection.0.1.2}{\376\377\000C\000\341\000c\000\040\000d\036\241\000n\000g\000\040\000b\000\340\000i\000\040\000t\036\255\000p}{section.0.1}% 51
\BOOKMARK [2][-]{subsection.0.1.2}{\376\377\0001\0002\0005\000\040\000D\036\241\000n\000g\000\040\0001\0008\000.\000\040\000T\000\355\000n\000h\000\040\000x\000\341\000c\000\040\000s\000u\036\245\000t\000\040\000c\000\363\000\040\001\021\000i\036\301\000u\000\040\000k\000i\036\307\000n\000\040\000t\000h\000e\000o\000\040\001\021\036\313\000n\000h\000\040\000n\000g\000h\001\051\000a}{section.0.1}% 52
\BOOKMARK [2][-]{vd.5}{\376\377\0001\0002\0005\000\040\000D\036\241\000n\000g\000\040\0001\0009\000.\000\040\000T\000\355\000n\000h\000\040\000x\000\341\000c\000\040\000s\000u\036\245\000t\000\040\000c\000\363\000\040\001\021\000i\036\301\000u\000\040\000k\000i\036\307\000n\000\040\000t\000h\000e\000o\000\040\000c\000\364\000n\000g\000\040\000t\000h\036\351\000c}{section.0.1}% 53
\BOOKMARK [2][-]{bt.3}{\376\377\0001\0002\0005\000\040\000D\036\241\000n\000g\000\040\0002\0000\000.\000\040\000T\000\355\000n\000h\000\040\000x\000\341\000c\000\040\000s\000u\036\245\000t\000\040\000c\000\363\000\040\001\021\000i\036\301\000u\000\040\000k\000i\036\307\000n\000\040\000n\000h\036\335\000\040\000s\001\241\000\040\001\021\036\323\000\040\000h\000\354\000n\000h\000\040\000c\000\342\000y}{section.0.1}% 54
\BOOKMARK [2][-]{bt.3}{\376\377\0001\0002\0005\000\040\000D\036\241\000n\000g\000\040\0002\0001\000.\000\040\000C\000\364\000n\000g\000\040\000t\000h\036\351\000c\000\040\000n\000h\000\342\000n\000\040\000x\000\341\000c\000\040\000s\000u\036\245\000t}{section.0.1}% 55
\BOOKMARK [2][-]{subsection.0.1.3}{\376\377\000B\000\340\000i\000\040\000t\036\255\000p\000\040\000t\036\361\000\040\000l\000u\036\255\000n}{section.0.1}% 56
\BOOKMARK [2][-]{subsection.0.1.4}{\376\377\000B\000\340\000i\000\040\000t\036\255\000p\000\040\000t\000r\036\257\000c\000\040\000n\000g\000h\000i\036\307\000m}{section.0.1}% 57
\BOOKMARK [1][-]{section.0.2}{\376\377\000C\000\324\000N\000G\000\040\000T\000H\036\350\000C\000\040\000X\000\301\000C\000\040\000S\000U\036\244\000T\000\040\000T\000O\000\300\000N\000\040\000P\000H\036\246\000N\000\040\000V\000\300\000\040\000C\000\324\000N\000G\000\040\000T\000H\036\350\000C\000\040\000B\000A\000Y\000E\000S}{Doc-Start}% 58
\BOOKMARK [2][-]{subsection.0.2.1}{\376\377\000T\000r\036\315\000n\000g\000\040\000t\000\342\000m\000\040\000k\000i\036\277\000n\000\040\000t\000h\036\351\000c}{section.0.2}% 59
\BOOKMARK [2][-]{subsection.0.2.2}{\376\377\000C\000\341\000c\000\040\000d\036\241\000n\000g\000\040\000b\000\340\000i\000\040\000t\036\255\000p}{section.0.2}% 60
\BOOKMARK [2][-]{subsection.0.2.2}{\376\377\0001\0002\0005\000\040\000D\036\241\000n\000g\000\040\0001\000.\000\040\000T\000\355\000n\000h\000\040\000x\000\341\000c\000\040\000s\000u\036\245\000t\000\040\000t\000h\000e\000o\000\040\000c\000\364\000n\000g\000\040\000t\000h\036\351\000c\000\040\000x\000\341\000c\000\040\000s\000u\036\245\000t\000\040\000t\000o\000\340\000n\000\040\000p\000h\036\247\000n}{section.0.2}% 61
\BOOKMARK [2][-]{bt.9}{\376\377\0001\0002\0005\000\040\000D\036\241\000n\000g\000\040\0002\000.\000\040\000C\000\364\000n\000g\000\040\000t\000h\036\351\000c\000\040\000B\000a\000y\000e\000s\000\040\000t\000\355\000n\000h\000\040\000x\000\341\000c\000\040\000s\000u\036\245\000t}{section.0.2}% 62
\BOOKMARK [2][-]{subsection.0.2.3}{\376\377\000B\000\340\000i\000\040\000t\036\255\000p\000\040\000t\036\361\000\040\000l\000u\036\255\000n}{section.0.2}% 63
\BOOKMARK [2][-]{subsection.0.2.4}{\376\377\000B\000\340\000i\000\040\000t\036\255\000p\000\040\000t\000r\036\257\000c\000\040\000n\000g\000h\000i\036\307\000m}{section.0.2}% 64
