\BOOKMARK [1][-]{section.0.3}{\376\377\000H\000\300\000M\000\040\000S\036\320\000\040\000L\001\257\036\342\000N\000G\000\040\000G\000I\000\301\000C\000\040\000V\000\300\000\040\001\020\036\322\000\040\000T\000H\036\312}{}% 1
\BOOKMARK [2][-]{subsection.0.3.1}{\376\377\000K\000I\036\276\000N\000\040\000T\000H\036\350\000C\000\040\000C\036\246\000N\000\040\000N\000H\036\332}{section.0.3}% 2
\BOOKMARK [2][-]{subsection.0.3.2}{\376\377\000P\000H\000\302\000N\000\040\000L\000O\036\240\000I\000,\000\040\000P\000H\001\257\001\240\000N\000G\000\040\000P\000H\000\301\000P\000\040\000G\000I\036\242\000I\000\040\000T\000O\000\301\000N}{section.0.3}% 3
\BOOKMARK [2][-]{subsection.0.3.2}{\376\377\0001\0002\0005\000\040\000D\036\241\000n\000g\000\040\0001\000.\000\040\000T\000\354\000m\000\040\000t\036\255\000p\000\040\000x\000\341\000c\000\040\001\021\036\313\000n\000h\000\040\000c\036\347\000a\000\040\000h\000\340\000m\000\040\000s\036\321\000\040\000l\001\260\036\343\000n\000g\000\040\000g\000i\000\341\000c}{section.0.3}% 4
\BOOKMARK [2][-]{task.2.3}{\376\377\0001\0002\0005\000\040\000D\036\241\000n\000g\000\040\0002\000.\000\040\000T\000\355\000n\000h\000\040\000c\000h\036\265\000n\000\040\000l\036\273\000\040\000c\036\347\000a\000\040\000h\000\340\000m\000\040\000s\036\321}{section.0.3}% 5
\BOOKMARK [2][-]{task.3.4}{\376\377\0001\0002\0005\000\040\000D\036\241\000n\000g\000\040\0003\000.\000\040\000T\000\354\000m\000\040\000c\000h\000u\000\040\000k\036\363\000\040\000c\036\347\000a\000\040\000h\000\340\000m\000\040\000s\036\321\000\040\000l\001\260\036\343\000n\000g\000\040\000g\000i\000\341\000c}{section.0.3}% 6
\BOOKMARK [2][-]{ex.5}{\376\377\0001\0002\0005\000\040\000D\036\241\000n\000g\000\040\0004\000.\000\040\000T\000\354\000m\000\040\000g\000i\000\341\000\040\000t\000r\036\313\000\040\000l\036\333\000n\000\040\000n\000h\036\245\000t\000\040\000-\000\040\000g\000i\000\341\000\040\000t\000r\036\313\000\040\000n\000h\036\317\000\040\000n\000h\036\245\000t\000,\000\040\000t\036\255\000p\000\040\000g\000i\000\341\000\040\000t\000r\036\313\000\040\000c\036\347\000a\000\040\000h\000\340\000m\000\040\000s\036\321}{section.0.3}% 7
\BOOKMARK [2][-]{task.6.2}{\376\377\0001\0002\0005\000\040\000D\036\241\000n\000g\000\040\0005\000.\000\040\001\020\036\323\000\040\000t\000h\036\313\000\040\000h\000\340\000m\000\040\000s\036\321\000\040\000l\001\260\036\343\000n\000g\000\040\000g\000i\000\341\000c}{section.0.3}% 8
\BOOKMARK [2][-]{subsection.0.3.3}{\376\377\000B\000\300\000I\000\040\000T\036\254\000P\000\040\000T\036\360\000\040\000L\000U\036\254\000N}{section.0.3}% 9
\BOOKMARK [2][-]{subsection.0.3.4}{\376\377\000B\000\300\000I\000\040\000T\036\254\000P\000\040\000T\000R\036\256\000C\000\040\000N\000G\000H\000I\036\306\000M}{section.0.3}% 10
\BOOKMARK [0][-]{ex.40}{\376\377\000L\036\334\000I\000\040\000G\000I\036\242\000I\000\040\000C\000H\000I\000\040\000T\000I\036\276\000T}{}% 11
\BOOKMARK [1][-]{section.0.3}{\376\377\000H\000\300\000M\000\040\000S\036\320\000\040\000L\001\257\036\342\000N\000G\000\040\000G\000I\000\301\000C\000\040\000V\000\300\000\040\001\020\036\322\000\040\000T\000H\036\312}{ex.40}% 12
\BOOKMARK [2][-]{subsection.0.3.1}{\376\377\000K\000I\036\276\000N\000\040\000T\000H\036\350\000C\000\040\000C\036\246\000N\000\040\000N\000H\036\332}{section.0.3}% 13
\BOOKMARK [2][-]{subsection.0.3.2}{\376\377\000P\000H\000\302\000N\000\040\000L\000O\036\240\000I\000,\000\040\000P\000H\001\257\001\240\000N\000G\000\040\000P\000H\000\301\000P\000\040\000G\000I\036\242\000I\000\040\000T\000O\000\301\000N}{section.0.3}% 14
\BOOKMARK [2][-]{subsection.0.3.2}{\376\377\0001\0002\0005\000\040\000D\036\241\000n\000g\000\040\0001\000.\000\040\000T\000\354\000m\000\040\000t\036\255\000p\000\040\000x\000\341\000c\000\040\001\021\036\313\000n\000h\000\040\000c\036\347\000a\000\040\000h\000\340\000m\000\040\000s\036\321\000\040\000l\001\260\036\343\000n\000g\000\040\000g\000i\000\341\000c}{section.0.3}% 15
\BOOKMARK [2][-]{Item.32}{\376\377\0001\0002\0005\000\040\000D\036\241\000n\000g\000\040\0002\000.\000\040\000T\000\355\000n\000h\000\040\000c\000h\036\265\000n\000\040\000l\036\273\000\040\000c\036\347\000a\000\040\000h\000\340\000m\000\040\000s\036\321}{section.0.3}% 16
\BOOKMARK [2][-]{Item.36}{\376\377\0001\0002\0005\000\040\000D\036\241\000n\000g\000\040\0003\000.\000\040\000T\000\354\000m\000\040\000c\000h\000u\000\040\000k\036\363\000\040\000c\036\347\000a\000\040\000h\000\340\000m\000\040\000s\036\321\000\040\000l\001\260\036\343\000n\000g\000\040\000g\000i\000\341\000c}{section.0.3}% 17
\BOOKMARK [2][-]{ex.5}{\376\377\0001\0002\0005\000\040\000D\036\241\000n\000g\000\040\0004\000.\000\040\000T\000\354\000m\000\040\000g\000i\000\341\000\040\000t\000r\036\313\000\040\000l\036\333\000n\000\040\000n\000h\036\245\000t\000\040\000-\000\040\000g\000i\000\341\000\040\000t\000r\036\313\000\040\000n\000h\036\317\000\040\000n\000h\036\245\000t\000,\000\040\000t\036\255\000p\000\040\000g\000i\000\341\000\040\000t\000r\036\313\000\040\000c\036\347\000a\000\040\000h\000\340\000m\000\040\000s\036\321}{section.0.3}% 18
\BOOKMARK [2][-]{Item.51}{\376\377\0001\0002\0005\000\040\000D\036\241\000n\000g\000\040\0005\000.\000\040\001\020\036\323\000\040\000t\000h\036\313\000\040\000h\000\340\000m\000\040\000s\036\321\000\040\000l\001\260\036\343\000n\000g\000\040\000g\000i\000\341\000c}{section.0.3}% 19
\BOOKMARK [2][-]{subsection.0.3.3}{\376\377\000B\000\300\000I\000\040\000T\036\254\000P\000\040\000T\036\360\000\040\000L\000U\036\254\000N}{section.0.3}% 20
\BOOKMARK [2][-]{subsection.0.3.4}{\376\377\000B\000\300\000I\000\040\000T\036\254\000P\000\040\000T\000R\036\256\000C\000\040\000N\000G\000H\000I\036\306\000M}{section.0.3}% 21
