\BOOKMARK [0][-]{Doc-Start}{\376\377\000G\000i\036\333\000i\000\040\000h\036\241\000n\000.\000\040\000H\000\340\000m\000\040\000s\036\321\000\040\000l\000i\000\352\000n\000\040\000t\036\345\000c}{}% 1
\BOOKMARK [1][-]{section.0.1}{\376\377\000G\000i\036\333\000i\000\040\000h\036\241\000n\000\040\000d\000\343\000y\000\040\000s\036\321}{Doc-Start}% 2
\BOOKMARK [2][-]{subsection.0.1.1}{\376\377\000T\000\363\000m\000\040\000t\036\257\000t\000\040\000l\000\375\000\040\000t\000h\000u\000y\036\277\000t}{section.0.1}% 3
\BOOKMARK [2][-]{subsection.0.1.2}{\376\377\000C\000\341\000c\000\040\000d\036\241\000n\000g\000\040\000t\000o\000\341\000n\000\040\000t\000h\001\260\036\335\000n\000g\000\040\000g\036\267\000p}{section.0.1}% 4
\BOOKMARK [2][-]{subsection.0.1.2}{\376\377\0001\0002\0005\000\040\000D\036\241\000n\000g\000\040\0001\000.\000\040\000P\000h\001\260\001\241\000n\000g\000\040\000p\000h\000\341\000p\000\040\001\021\036\267\000t\000\040\000t\000h\036\353\000a\000\040\000s\036\321\000\040\000c\000h\000u\000n\000g\000\040\000\050\000l\000i\000m\000\040\000h\036\357\000u\000\040\000h\036\241\000n\000\051}{section.0.1}% 5
\BOOKMARK [2][-]{ex.16}{\376\377\0001\0002\0005\000\040\000D\036\241\000n\000g\000\040\0002\000.\000\040\000P\000h\001\260\001\241\000n\000g\000\040\000p\000h\000\341\000p\000\040\000l\001\260\036\343\000n\000g\000\040\000l\000i\000\352\000n\000\040\000h\036\343\000p\000\040\000\050\000l\000i\000m\000\040\000h\036\357\000u\000\040\000h\036\241\000n\000\051}{section.0.1}% 6
\BOOKMARK [2][-]{ex.8}{\376\377\0001\0002\0005\000\040\000D\036\241\000n\000g\000\040\0003\000.\000\040\000G\000i\036\333\000i\000\040\000h\036\241\000n\000\040\000v\000\364\000\040\000c\036\361\000c}{section.0.1}% 7
\BOOKMARK [2][-]{vd.3}{\376\377\0001\0002\0005\000\040\000D\036\241\000n\000g\000\040\0004\000.\000\040\000T\000\355\000n\000h\000\040\000t\036\325\000n\000g\000\040\000c\036\347\000a\000\040\000d\000\343\000y\000\040\000c\036\245\000p\000\040\000s\036\321\000\040\000n\000h\000\342\000n\000\040\000l\000\371\000i\000\040\000v\000\364\000\040\000h\036\241\000n}{section.0.1}% 8
\BOOKMARK [2][-]{ex.15}{\376\377\0001\0002\0005\000\040\000D\036\241\000n\000g\000\040\0005\000.\000\040\000T\000o\000\341\000n\000\040\000t\000h\036\361\000c\000\040\000t\036\277\000,\000\040\000l\000i\000\352\000n\000\040\000m\000\364\000n\000\040\000l\000i\000\352\000n\000\040\000q\000u\000a\000n\000\040\001\021\036\277\000n\000\040\000g\000i\036\333\000i\000\040\000h\036\241\000n\000\040\000d\000\343\000y\000\040\000s\036\321}{section.0.1}% 9
\BOOKMARK [2][-]{ex.5}{\376\377\0001\0002\0005\000\040\000D\036\241\000n\000g\000\040\0006\000.\000\040\000N\000g\000u\000y\000\352\000n\000\040\000l\000\375\000\040\000k\036\271\000p}{section.0.1}% 10
\BOOKMARK [1][-]{section.0.2}{\376\377\000G\000i\036\333\000i\000\040\000h\036\241\000n\000\040\000c\036\347\000a\000\040\000h\000\340\000m\000\040\000s\036\321}{Doc-Start}% 11
\BOOKMARK [2][-]{subsection.0.2.1}{\376\377\000T\000\363\000m\000\040\000t\036\257\000t\000\040\000l\000\375\000\040\000t\000h\000u\000y\036\277\000t}{section.0.2}% 12
\BOOKMARK [2][-]{subsection.0.2.2}{\376\377\000C\000\341\000c\000\040\000d\036\241\000n\000g\000\040\000t\000o\000\341\000n\000\040\000t\000h\001\260\036\335\000n\000g\000\040\000g\036\267\000p}{section.0.2}% 13
\BOOKMARK [2][-]{subsection.0.2.2}{\376\377\0001\0002\0005\000\040\000D\036\241\000n\000g\000\040\0001\000.\000\040\000T\000h\000a\000y\000\040\000s\036\321\000\040\000t\000r\036\361\000c\000\040\000t\000i\036\277\000p}{section.0.2}% 14
\BOOKMARK [2][-]{ex.15}{\376\377\0001\0002\0005\000\040\000D\036\241\000n\000g\000\040\0002\000.\000\040\000P\000h\001\260\001\241\000n\000g\000\040\000p\000h\000\341\000p\000\040\001\021\036\267\000t\000\040\000t\000h\036\353\000a\000\040\000s\036\321\000\040\000c\000h\000u\000n\000g\000\040\000-\000\040\000k\036\277\000t\000\040\000q\000u\036\243\000\040\000h\036\357\000u\000\040\000h\036\241\000n}{section.0.2}% 15
\BOOKMARK [2][-]{ex.20}{\376\377\0001\0002\0005\000\040\000D\036\241\000n\000g\000\040\0003\000.\000\040\000P\000h\001\260\001\241\000n\000g\000\040\000p\000h\000\341\000p\000\040\001\021\036\267\000t\000\040\000t\000h\036\353\000a\000\040\000s\036\321\000\040\000c\000h\000u\000n\000g\000\040\000-\000\040\000k\036\277\000t\000\040\000q\000u\036\243\000\040\000v\000\364\000\040\000c\036\361\000c}{section.0.2}% 16
\BOOKMARK [2][-]{ex.15}{\376\377\0001\0002\0005\000\040\000D\036\241\000n\000g\000\040\0004\000.\000\040\000P\000h\001\260\001\241\000n\000g\000\040\000p\000h\000\341\000p\000\040\000l\001\260\036\343\000n\000g\000\040\000l\000i\000\352\000n\000\040\000h\036\343\000p\000\040\000k\036\277\000t\000\040\000q\000u\036\243\000\040\000h\036\357\000u\000\040\000h\036\241\000n}{section.0.2}% 17
\BOOKMARK [2][-]{ex.13}{\376\377\0001\0002\0005\000\040\000D\036\241\000n\000g\000\040\0005\000.\000\040\000T\000o\000\341\000n\000\040\000t\000h\036\361\000c\000\040\000t\036\277\000,\000\040\000l\000i\000\352\000n\000\040\000m\000\364\000n\000\040\000v\036\301\000\040\000h\000\340\000m\000\040\000s\036\321\000\040\000l\000i\000\352\000n\000\040\000t\036\345\000c}{section.0.2}% 18
\BOOKMARK [2][-]{ex.13}{\376\377\0001\0002\0005\000\040\000D\036\241\000n\000g\000\040\0006\000.\000\040\000G\000i\036\333\000i\000\040\000h\036\241\000n\000\040\000m\036\331\000t\000\040\000b\000\352\000n}{section.0.2}% 19
\BOOKMARK [2][-]{ex.8}{\376\377\0001\0002\0005\000\040\000D\036\241\000n\000g\000\040\0007\000.\000\040\000T\000o\000\341\000n\000\040\000t\000h\036\361\000c\000\040\000t\036\277\000,\000\040\000l\000i\000\352\000n\000\040\000m\000\364\000n\000\040\000v\036\301\000\040\000g\000i\036\333\000i\000\040\000h\036\241\000n\000\040\000h\000\340\000m\000\040\000s\036\321}{section.0.2}% 20
\BOOKMARK [1][-]{section.0.3}{\376\377\000H\000\340\000m\000\040\000s\036\321\000\040\000l\000i\000\352\000n\000\040\000t\036\345\000c}{Doc-Start}% 21
\BOOKMARK [2][-]{subsection.0.3.1}{\376\377\000T\000\363\000m\000\040\000t\036\257\000t\000\040\000l\000\375\000\040\000t\000h\000u\000y\036\277\000t}{section.0.3}% 22
\BOOKMARK [2][-]{subsection.0.3.2}{\376\377\000C\000\341\000c\000\040\000d\036\241\000n\000g\000\040\000t\000o\000\341\000n\000\040\000t\000h\001\260\036\335\000n\000g\000\040\000g\036\267\000p}{section.0.3}% 23
\BOOKMARK [2][-]{subsection.0.3.2}{\376\377\0001\0002\0005\000\040\000D\036\241\000n\000g\000\040\0001\000.\000\040\000D\036\361\000a\000\040\000v\000\340\000o\000\040\001\021\036\323\000\040\000t\000h\036\313\000\040\000x\000\351\000t\000\040\000t\000\355\000n\000h\000\040\000l\000i\000\352\000n\000\040\000t\036\345\000c\000\040\000c\036\347\000a\000\040\000h\000\340\000m\000\040\000s\036\321\000\040\000t\036\241\000i\000\040\000m\036\331\000t\000\040\001\021\000i\036\303\000m\000,\000\040\000m\036\331\000t\000\040\000k\000h\000o\036\243\000n\000g\000.}{section.0.3}% 24
\BOOKMARK [2][-]{ex.10}{\376\377\0001\0002\0005\000\040\000D\036\241\000n\000g\000\040\0002\000.\000\040\000H\000\340\000m\000\040\000s\036\321\000\040\000l\000i\000\352\000n\000\040\000t\036\345\000c\000\040\000t\036\241\000i\000\040\000m\036\331\000t\000\040\001\021\000i\036\303\000m}{section.0.3}% 25
\BOOKMARK [2][-]{ex.10}{\376\377\0001\0002\0005\000\040\000D\036\241\000n\000g\000\040\0003\000.\000\040\000H\000\340\000m\000\040\000s\036\321\000\040\000l\000i\000\352\000n\000\040\000t\036\345\000c\000\040\000t\000r\000\352\000n\000\040\000k\000h\000o\036\243\000n\000g\000,\000\040\001\021\000o\036\241\000n}{section.0.3}% 26
\BOOKMARK [2][-]{ex.11}{\376\377\0001\0002\0005\000\040\000D\036\241\000n\000g\000\040\0004\000.\000\040\000B\000\340\000i\000\040\000t\000o\000\341\000n\000\040\000c\000h\036\351\000a\000\040\000t\000h\000a\000m\000\040\000s\036\321}{section.0.3}% 27
\BOOKMARK [2][-]{bt.12}{\376\377\0001\0002\0005\000\040\000D\036\241\000n\000g\000\040\0005\000.\000\040\000C\000h\036\351\000n\000g\000\040\000m\000i\000n\000h\000\040\000p\000h\001\260\001\241\000n\000g\000\040\000t\000r\000\354\000n\000h\000\040\000c\000\363\000\040\000n\000g\000h\000i\036\307\000m}{section.0.3}% 28
