<<<<<<< HEAD
\BOOKMARK [1][-]{section.0.3}{\376\377\001\020\001\257\036\334\000N\000G\000\040\000T\000I\036\306\000M\000\040\000C\036\254\000N\000\040\000C\036\346\000A\000\040\001\020\036\322\000\040\000T\000H\036\312\000\040\000H\000\300\000M\000\040\000S\036\320}{}% 1
\BOOKMARK [2][-]{subsection.0.3.1}{\376\377\000L\000\335\000\040\000T\000H\000U\000Y\036\276\000T\000\040\000C\036\246\000N\000\040\000N\000H\036\332}{section.0.3}% 2
\BOOKMARK [2][-]{subsection.0.3.2}{\376\377\000P\000H\000\302\000N\000\040\000L\000O\036\240\000I\000\040\000V\000\300\000\040\000P\000H\001\257\001\240\000N\000G\000\040\000P\000H\000\301\000P\000\040\000G\000I\036\242\000I\000\040\000T\000O\000\301\000N}{section.0.3}% 3
\BOOKMARK [2][-]{subsection.0.3.2}{\376\377\0001\0002\0005\000\040\000D\036\241\000n\000g\000\040\0001\000.\000\040\000B\000\340\000i\000\040\000t\000o\000\341\000n\000\040\000t\000\354\000m\000\040\000t\000i\036\307\000m\000\040\000c\036\255\000n\000\040\001\021\036\351\000n\000g\000\040\000v\000\340\000\040\000t\000i\036\307\000m\000\040\000c\036\255\000n\000\040\000n\000g\000a\000n\000g\000\040\000c\036\347\000a\000\040\001\021\036\323\000\040\000t\000h\036\313\000\040\000h\000\340\000m\000\040\000s\036\321}{section.0.3}% 4
\BOOKMARK [2][-]{table.0.2}{\376\377\0001\0002\0005\000\040\000D\036\241\000n\000g\000\040\0002\000.\000\040\000B\000\340\000i\000\040\000t\000o\000\341\000n\000\040\000t\000\354\000m\000\040\000t\000i\036\307\000m\000\040\000c\036\255\000n\000\040\001\021\036\351\000n\000g\000\040\000v\000\340\000\040\000t\000i\036\307\000m\000\040\000c\036\255\000n\000\040\000x\000i\000\352\000n\000\040\000c\036\347\000a\000\040\001\021\036\323\000\040\000t\000h\036\313\000\040\000h\000\340\000m\000\040\000s\036\321}{section.0.3}% 5
\BOOKMARK [2][-]{table.0.6}{\376\377\0001\0002\0005\000\040\000D\036\241\000n\000g\000\040\0003\000.\000\040\000B\000\340\000i\000\040\000t\000o\000\341\000n\000\040\000v\036\301\000\040\001\021\001\260\036\335\000n\000g\000\040\000t\000i\036\307\000m\000\040\000c\036\255\000n\000\040\000c\000\363\000\040\000c\000h\036\351\000a\000\040\000t\000h\000a\000m\000\040\000s\036\321}{section.0.3}% 6
\BOOKMARK [1][-]{section.0.4}{\376\377\000T\000I\036\306\000M\000\040\000C\036\254\000N}{}% 7
\BOOKMARK [2][-]{subsection.0.4.1}{\376\377\000T\000\323\000M\000\040\000T\036\256\000T\000\040\000L\000\335\000\040\000T\000H\000U\000Y\036\276\000T}{section.0.4}% 8
\BOOKMARK [2][-]{nx.3}{\376\377\0001\0002\0005\000\040\000D\036\241\000n\000g\000\040\0004\000.\000\040\000T\000\354\000m\000\040\000c\000\341\000c\000\040\001\021\001\260\036\335\000n\000g\000\040\000t\000i\036\307\000m\000\040\000c\036\255\000n\000\040\000q\000u\000a\000\040\000b\000i\036\303\000u\000\040\000t\000h\036\351\000c\000\040\000h\000\340\000m\000\040\000s\036\321\000,\000\040\000b\036\243\000n\000g\000\040\000b\000i\036\277\000n\000\040\000t\000h\000i\000\352\000n}{section.0.4}% 9
\BOOKMARK [2][-]{ex.65}{\376\377\0001\0002\0005\000\040\000D\036\241\000n\000g\000\040\0005\000.\000\040\001\020\001\260\036\335\000n\000g\000\040\000t\000i\036\307\000m\000\040\000c\036\255\000n\000\040\000l\000i\000\352\000n\000\040\000q\000u\000a\000n\000\040\000t\000h\000a\000m\000\040\000s\036\321\000\040\000m}{section.0.4}% 10
\BOOKMARK [2][-]{ex.12}{\376\377\0001\0002\0005\000\040\000D\036\241\000n\000g\000\040\0006\000.\000\040\000T\000\354\000m\000\040\000c\000\341\000c\000\040\001\021\001\260\036\335\000n\000g\000\040\000t\000i\036\307\000m\000\040\000c\036\255\000n\000\040\001\021\036\323\000\040\000t\000h\036\313\000\040\000h\000\340\000m\000\040\036\251\000n}{section.0.4}% 11
\BOOKMARK [2][-]{ex.25}{\376\377\0001\0002\0005\000\040\000D\036\241\000n\000g\000\040\0007\000.\000\040\000T\000\354\000m\000\040\000c\000\341\000c\000\040\001\021\001\260\036\335\000n\000g\000\040\000t\000i\036\307\000m\000\040\000c\036\255\000n\000\040\001\021\036\323\000\040\000t\000h\036\313\000\040\000h\000\340\000m\000\040\036\251\000n}{section.0.4}% 12
=======
\BOOKMARK [1][-]{section.0.2}{\376\377\000G\000I\000\301\000\040\000T\000R\036\312\000\040\000L\036\332\000N\000\040\000N\000H\036\244\000T\000\040\000-\000\040\000N\000H\036\316\000\040\000N\000H\036\244\000T\000\040\000C\036\346\000A\000\040\000H\000\300\000M\000\040\000S\036\320}{}% 1
\BOOKMARK [2][-]{subsection.0.2.1}{\376\377\000L\000\335\000\040\000T\000H\000U\000Y\036\276\000T\000\040\000C\036\246\000N\000\040\000N\000H\036\332}{section.0.2}% 2
\BOOKMARK [2][-]{subsection.0.2.2}{\376\377\000P\000H\000\302\000N\000\040\000L\000O\036\240\000I\000\040\000V\000\300\000\040\000P\000H\001\257\001\240\000N\000G\000\040\000P\000H\000\301\000P\000\040\000G\000I\036\242\000I\000\040\000T\000O\000\301\000N}{section.0.2}% 3
\BOOKMARK [2][-]{subsection.0.2.2}{\376\377\0001\0002\0005\000\040\000D\036\241\000n\000g\000\040\0001\000.\000\040\000B\000\340\000i\000\040\000t\000o\000\341\000n\000\040\000t\000\354\000m\000\040\000m\000a\000x\000,\000\040\000m\000i\000n\000\040\000c\036\347\000a\000\040\000h\000\340\000m\000\040\000s\036\321\000\040\000y\000=\000f\000\050\000x\000\051\000\040\000t\000r\000\352\000n\000\040\000m\000i\036\301\000n\000\040\000D}{section.0.2}% 4
\BOOKMARK [2][-]{table.0.7}{\376\377\0001\0002\0005\000\040\000D\036\241\000n\000g\000\040\0002\000.\000\040\000B\000\340\000i\000\040\000t\000o\000\341\000n\000\040\000m\000a\000x\000,\000\040\000m\000i\000n\000\040\000c\000\363\000\040\000c\000h\036\351\000a\000\040\000t\000h\000a\000m\000\040\000s\036\321\000\040\000m}{section.0.2}% 5
\BOOKMARK [2][-]{table.0.9}{\376\377\0001\0002\0005\000\040\000D\036\241\000n\000g\000\040\0003\000.\000\040\000B\000\340\000i\000\040\000t\000o\000\341\000n\000\040\000v\036\255\000n\000\040\000d\036\345\000n\000g\000,\000\040\000t\000h\036\361\000c\000\040\000t\000i\036\305\000n\000\040\000c\000\363\000\040\000l\000i\000\352\000n\000\040\000q\000u\000a\000n\000\040\001\021\036\277\000n\000\040\000m\000a\000x\000\040\000m\000i\000n}{section.0.2}% 6
>>>>>>> 8f3ff0c4e88393b751895b29d9e68f5312491322
