<<<<<<< HEAD
INFO:  latexindent.pl version 3.24.4, 2024-07-18, a script to indent .tex files
       latexindent.pl lives here: C:/Users/cocha/AppData/Local/Programs/MiKTeX/scripts/latexindent/
       Wed Oct 15 21:56:02 2025
       Filename: d:\Tailieu\data\10\DeKiemTra-Chuong3-1.tex
=======
INFO:  latexindent version 3.23.6, 2024-01-17, a script to indent .tex files
       latexindent lives here: /usr/share/texlive/texmf-dist/scripts/latexindent/
       Tue Oct 14 02:12:41 2025
       Filename: /workspaces/Tailieu/data/10/DeKiemTra-Chuong3-1.tex
>>>>>>> fb6a4a45986863e8605634e31e689e31425c42cc
INFO:  Processing switches:
INFO:  Directory for backup files and indent.log:
       /workspaces/Tailieu/data/10
INFO:  YAML settings read: defaultSettings.yaml
       Reading defaultSettings.yaml from /usr/share/texlive/texmf-dist/scripts/latexindent/defaultSettings.yaml
INFO:  YAML reading settings
       Home directory is /home/codespace
       latexindent.pl didn't find indentconfig.yaml or .indentconfig.yaml
       see all possible locations: https://latexindentpl.readthedocs.io/en/latest/sec-appendices.html#indentconfig-options)
INFO:  Phase 1: searching for objects
INFO:  Phase 2: finding surrounding indentation
INFO:  Phase 3: indenting objects
INFO:  Phase 4: final indentation check
INFO:  Output routine:
       Not outputting to file; see -w and -o switches for more options.
       --------------
INFO:  Please direct all communication/issues to:
        https://github.com/cmhughes/latexindent.pl
